<?xml version="1.0" encoding="utf-8"?><testsuites name="pytest tests"><testsuite name="pytest" errors="0" failures="0" skipped="0" tests="7" time="3.145" timestamp="2026-08-08T23:06:27.660566+00:00" hostname="agent-env-c3c98d31-c5c7-4148-9411-c1a26f6c7148"><testcase classname="tests.test_whatsapp_webhook" name="test_webhook_challenge_success" time="0.555" /><testcase classname="tests.test_whatsapp_webhook" name="test_webhook_challenge_wrong_token" time="0.337" /><testcase classname="tests.test_whatsapp_webhook" name="test_webhook_post_valid_signature" time="0.107" /><testcase classname="tests.test_whatsapp_webhook" name="test_webhook_post_missing_signature" time="0.133" /><testcase classname="tests.test_whatsapp_webhook" name="test_webhook_post_bad_signature" time="0.113" /><testcase classname="tests.test_whatsapp_webhook" name="test_meta_subscription_active" time="0.249" /><testcase classname="tests.test_whatsapp_webhook" name="test_probe_row_persisted_then_cleanup" time="1.273" /></testsuite></testsuites>